<?xml version="1.0" encoding="UTF-8"?>

<searchresult>
  <query>clustering</query>
  <document id="0">
    <title>Clustering Basics</title>
    <snippet>Scott Schnoll's Microsoft Cluster Center is the ultimate source for Microsoft Clustering information and answers. ... Microsoft Cluster Center. Clustering Basics. About. Sources. Clustering Basics ... power outages, security breaches, and so forth. Clustering cannot help you solve those types of problems ...</snippet>
    <url>http://www.nwnetworks.com/basics.htm</url>
  </document>
  <document id="1">
    <title>Model-Based Clustering of World Craniometric Variation</title>
    <snippet>... Model-based clustering is applied to 2,504 crania of 28 populations of recent Homo sapiens using 57 ... Model-based clustering varies the number and form of the clusters and ...</snippet>
    <url>http://dienekes.angeltowns.net/articles/anthropologica/clustering.html</url>
  </document>
  <document id="2">
    <title>Research on Clustering</title>
    <snippet>Research in Data Clustering. Welcome to the data clustering page at Michigan State University! For our general research in Pattern Recognition and Image Processing, please visit the PRIP page ... The goal of data clustering, or unsupervised learning, is to discover "natural" groupings in a set of ... Despite its long history, clustering still poses a number of open research ...</snippet>
    <url>http://www.cse.msu.edu/prip/ResearchProjects/cluster_research</url>
  </document>
  <document id="3">
    <title>View-Based Clustering of Object Appearances Based on Independent Subspace Analysis</title>
    <snippet>View-Based Clustering of Object Appearances. Based on Independent Subspace Analysis. Stan Z. Li, XiaoGuang Lv, HongJiang Zhang. Microsoft Research China, Beijing Sigma Center, Beijing 100080, China ... metric for view-based classiﬁcation. View-based clustering. is then performed by using maximum view-subspace activity ...</snippet>
    <url>http://research.microsoft.com/asia/dload_files/group/mcomputing/ICCV_ISA-4th.pdf</url>
  </document>
  <document id="4">
    <title>Query Server Health Search</title>
    <snippet>... Fagan Finder. "Query Server's clustering looks pretty good ...</snippet>
    <url>http://www.queryserver.com/health.htm</url>
  </document>
  <document id="5">
    <title>TAP 002-ESOL-91 - Clustering</title>
    <snippet>Friday, January 6, 2006. Site Index Access Task Force ACT Adding a Subject Adult Education African Amer. Task Force Agriscience Education Apprenticeship Articulation Articulation Coord. ... APPROPRIATE CLUSTERING. 1. Clustering may be implemented by having self-contained classes or by ... students would be clustered. Such clustering would decrease the number of teachers ...</snippet>
    <url>http://www.firn.edu/doe/doe/omsle/tapcluii.htm</url>
  </document>
  <document id="6">
    <title>http://www.microsoft.com/northafrica/entreprise2000/exch2000/compaq.doc</title>
    <snippet>... and availability in Exchange 2000, clustering support has been greatly enhanced ... Exchange Server version 5.5 supported clustering technology, functionality was limited and ...</snippet>
    <url>http://www.microsoft.com/northafrica/entreprise2000/exch2000/compaq.doc</url>
  </document>
  <document id="7">
    <title>Clustering Techniques</title>
    <snippet>Clustering Techniques. A Technical Whitepaper. By Lorinda Visnick. 14 Oak Park. Bedford, MA 01730 USA. Phone: +1-781-280-4000. www.objectstore.net. Clustering Techniques: A Technical White Paper. Copyright © 2002-2003 Progress Software Corporation. ... Effective data clustering allows for better, if not optimal, cache affinity ...</snippet>
    <url>http://www.progress.com/realtime/docs/whitepapers/clustering_techniques.pdf</url>
  </document>
  <document id="8">
    <title>Successful Community Services clustering in Lotus Instant Messaging</title>
    <snippet>Provide load-balancing and failover for your Lotus Instant Messaging (Sametime) users with Community Service clustering. Read about best practices for clustering Lotus Instant Messaging Community Servers and save yourself a technical support call... Connect client with a feature called Community Services clustering. This article is motivated by ...</snippet>
    <url>http://www-128.ibm.com/developerworks/lotus/library/st-clustering?ca=dnl-sdom</url>
  </document>
  <document id="9">
    <title>Survey Of Clustering Data Mining Techniques - Berkhin (ResearchIndex)</title>
    <snippet>Clustering is a division of data into groups of similar objects. Representing the data by fewer clusters neccessarily loses certain fine details, but achieves simplification. It models data by its clusters. Data modeling puts clustering in a ...</snippet>
    <url>http://citeseer.ist.psu.edu/berkhin02survey.html</url>
  </document>
  <document id="10">
    <title>BEA_Clustering_0303_WP rev</title>
    <snippet>Achieving Scalability and High Availability. for E-Business. Clustering in BEA WebLogic® Server. BEA White Paper. Copyright. Copyright © 2003 BEA Systems, Inc. All Rights Reserved. March 27, 2003. Restricted Rights Legend ... unmatched clustering technology. Clustering refers to a number of ways to group ...</snippet>
    <url>http://www.bea.com/content/news_events/white_papers/BEA_WL_Server_Clustering_wp.pdf</url>
  </document>
  <document id="11">
    <title>NewsForge</title>
    <snippet>Offers news and commentary for the Open Source community.</snippet>
    <url>http://www.newsforge.com/</url>
  </document>
  <document id="12">
    <title>Clustering</title>
    <snippet>... Wireless / NetworkingComputing CenterEmailInternet for BeginnersWeb Logs. "Clustering" Glossary. From Wendy Boswell ... bit, you would employ the practice of clustering. All this means is ...</snippet>
    <url>http://websearch.about.com/od/c/g/clustering.htm?terms=employment+search+engines</url>
  </document>
  <document id="13">
    <title>Assessment and Pruning of Hierarchical Model Based Clustering</title>
    <snippet>... The goal of clustering is to identify distinct groups in a ... The basic idea of model-based clustering is to ap ...</snippet>
    <url>http://www.stat.washington.edu/wxs/Learning-papers/kdd2003.pdf</url>
  </document>
  <document id="14">
    <title>ROCK: A Robust Clustering Algorithm for Categorical Attributes - Data Engineering, 1999. Proceedings., 15th ... </title>
    <snippet>ROCK: A Robust Clustering Algorithm for Categorical Attributes - Data Engineering, 1999. Proceedings., 15th International Conference on ...</snippet>
    <url>http://theory.stanford.edu/~sudipto/mypapers/categorical.pdf</url>
  </document>
  <document id="15">
    <title>High-performance Linux clustering, Part 1: Clustering fundamentals</title>
    <snippet>High Performance Computing (HPC) has become easier, and two reasons are the adoption of open source software concepts and the introduction and refinement of clustering technology. This first of two articles discusses the types of clusters ... the reasons for the growth of clustering technology. Part 2 covers parallel ...</snippet>
    <url>http://www.ibm.com/developerworks/linux/library/l-cluster1?ca=drs-</url>
  </document>
  <document id="16">
    <title>Deterministic Annealing For Clustering, Compression, Classification, Regression, And Related Optimiz - Proceedings ... </title>
    <snippet>Deterministic Annealing for Clustering, Compression, Classiﬁcation, Regression, and Related Optimization Problems. KENNETH ROSE, MEMBER, IEEE. Invited Paper. The deterministic annealing approach to clustering and its</snippet>
    <url>http://scl.ece.ucsb.edu/pubs/pubs_B/b98_2.pdf</url>
  </document>
  <document id="17">
    <title>High Availability Clustering at HP.com</title>
    <snippet>High availability clustering at HP.com for your small &amp;amp; medium business. HP has the right solution for maximum stability and optimal performance.</snippet>
    <url>http://h18002.www1.hp.com/alphaserver/products/clusters/index.html</url>
  </document>
  <document id="18">
    <title>6.892 / 7.93 Spring Term 2002 6.892 / 7.93 Spring Term 2002 March 12, 2002 March 12, 2002 David Gifford David ... </title>
    <snippet>... Examples of Clustering Biological. Examples of Clustering Biological. Data ...</snippet>
    <url>http://www.psrg.lcs.mit.edu/6892/handouts/6892-3-12-02.pdf</url>
  </document>
  <document id="19">
    <title>Experiment comparisons Clustering methods</title>
    <snippet>http://transcriptome.ens.fr. Clustering: 1. Experiment comparisons. Clustering methods. J-EXPRESS. The J-express software allows gene classifications according to their expression profiles. Several clustering methods are available such as:</snippet>
    <url>http://www.transcriptome.ens.fr/febs/clustering.pdf</url>
  </document>
  <document id="20">
    <title>Self-Organized Data Clustering with the help of Swarm Agents</title>
    <snippet>Self-Organized Data. Clustering with the help of. Swarm Agents. Presenter: Maynard Exum. Applications of Clustering. Medical Image Analysis (e.g. identifying certain. abnormalities) Information Retrieval (i.e. more meaningful. search results)</snippet>
    <url>http://www.rci.rutgers.edu/~weiz/Data_Clustering_with_Swarm_Intelligence.pdf</url>
  </document>
  <document id="21">
    <title>Support Vector Clustering</title>
    <snippet>Support Vector Clustering Support Vector Clustering We present a novel clustering method using the approach of support vector machines. Data points are mapped by means of a Gaussian kernel to a high dimensional feature space, where we search for...</snippet>
    <url>http://citeseer.ist.psu.edu/470224.html</url>
  </document>
  <document id="22">
    <title>Statistics for Microarray Data Lecture 4: Discrimination and Classification 11 July 2004 IBC Short Course</title>
    <snippet>... IBC Short Course, 11 July 2004. Clustering and Classification ... Clustering microarray data. Clustering leads to readily interpretable figures and can be helpful ...</snippet>
    <url>http://bioinf.wehi.edu.au/marray/ibc2004/lect4-disc.pdf</url>
  </document>
  <document id="23">
    <title>Technical Overview of Windows Server 2003 Clustering Services</title>
    <snippet>... Technical Overview of Windows Server 2003 Clustering Services. Published: July 24, 2002 ... an overview of the differences in clustering technology between Microsoft Windows Server 2003 ...</snippet>
    <url>http://www.microsoft.com/windowsserver2003/techinfo/overview/clustering.mspx</url>
  </document>
  <document id="24">
    <title>Oracle touts XML, clustering at OpenWorld</title>
    <snippet>Oracle gave attendees to its OpenWorld user conference a sneak preview of Project XDB, the company's plan for integrating XML more deeply with its flagship Oracle 9i database. ... user base will use the clustering technology. This is because the clustering technology is focused on high-end transactions ...</snippet>
    <url>http://www.networkworld.com/news/2001/1204oracle.html</url>
  </document>
  <document id="25">
    <title>Data Mining Cluster Analysis: Basic Concepts and Algorithms Lecture Notes for Chapter 8</title>
    <snippet>... Oil-UP. Clustering precipitation. in Australia. © Tan,Steinbach, Kumar ... In fuzzy clustering, a point belongs to every cluster with some ...</snippet>
    <url>http://www.cs.ucr.edu/~eamonn/teaching/cs235/clustering_from_book.pdf</url>
  </document>
  <document id="26">
    <title>A Uniﬁed Framework for Model-based Clustering</title>
    <snippet>Journal of Machine Learning Research 4 (2003) 1001-1037. Submitted 3/03; Revised 7/03; Published 11/03. A Uniﬁed Framework for Model-based Clustering. Shi Zhong. ZHONG. CSE. FAU. EDU. Department of Computer Science and Engineering ... bilistic model-based clustering based on a bipartite graph view of data and models that ...</snippet>
    <url>http://www.cse.fau.edu/~zhong/papers/framework.pdf</url>
  </document>
  <document id="27">
    <title>Citations: Clustering using a similarity measure based on shared near neighbors - Jarvis, Patrick (ResearchIndex)</title>
    <snippet>... and Patrick E. A. ( 1973). Clustering Using a Similarity Measure Based on Shared Nearest Neighbors ... Jarvis and E.A. Patrick. Clustering using a similarity measure based on shared ...</snippet>
    <url>http://citeseer.ist.psu.edu/context/231768/0</url>
  </document>
  <document id="28">
    <title>T-106.850 Seminar on String Algorithms 2003 - Data Clustering</title>
    <snippet>Data Clustering. Satu Virtanen, 47074N. Report for the 2003 Seminar on String Algorithms (T-106.850, CSE, HUT) in relation to an oral presentation on March 17th, 2003. Abstract ... This report gives an introductory overview to data clustering; the targets, goals, and methods. We begin by describing the goal of clustering algorithms, mentioning some applications ...</snippet>
    <url>http://www.tcs.hut.fi/~satu/mja</url>
  </document>
  <document id="29">
    <title>Microsoft PowerPoint - Clustering</title>
    <snippet>... What is Clustering. • Identifying groups of similar instances ... Sequences (Web-usage) Curves/Trajectories (Web-usage) Trajectory clustering using mixtures of regression models ...</snippet>
    <url>http://www.cs.albany.edu/~davidson/courses/DataMining-05/Clustering.pdf</url>
  </document>
  <document id="30">
    <title>An Impossibility Theorem for Clustering</title>
    <snippet>An Impossibility Theorem for Clustering. Jon Kleinberg. Department of Computer Science. Cornell University. Ithaca NY 14853. Abstract. Although the study of clustering is centered around an intuitively ... foundly diverse approaches to clustering abound in the research ...</snippet>
    <url>http://www.cs.cornell.edu/home/kleinber/nips15.pdf</url>
  </document>
  <document id="31">
    <title>Subspace Clustering for High Dimensional Data: A Review</title>
    <snippet>... ABSTRACT. Subspace clustering is an extension of traditional cluster ... There are two major branches. of subspace clustering based on their search strategy ...</snippet>
    <url>http://www.public.asu.edu/~lparsons/publications/subspace_clustering_SIGKDD_Explorations.pdf</url>
  </document>
  <document id="32">
    <title>Scaling Clustering Algorithms to Large Databases - Bradley, Fayyad, Reina (ResearchIndex)</title>
    <snippet>Practical clustering algorithms require multiple data scans to achieve convergence. For large databases, these scans become prohibitively expensive. We present a scalable clustering framework applicable to a wide class of iterative clustering. We...</snippet>
    <url>http://citeseer.ist.psu.edu/bradley98scaling.html</url>
  </document>
  <document id="33">
    <title>Text Clustering using Semantics</title>
    <snippet>... may be semantically related- a crucial. information for clustering- is not taken into account ... representation for sentences. The. clustering method applied to the feature vectors is ...</snippet>
    <url>http://www2002.org/CDROM/poster/79.pdf</url>
  </document>
  <document id="34">
    <title>Clustering Definition - Free Online Dictionary: TheFreeDictionary.com</title>
    <snippet>Definition of clustering. Noun 1. clustering - a grouping of a number of similar things; "a bunch of...Find thousands of free online definitions and reference guides at TheFreeDictionary.com.</snippet>
    <url>http://www.thefreedictionary.com/clustering</url>
  </document>
  <document id="35">
    <title>Kernel k-means, Spectral Clustering and Normalized Cuts</title>
    <snippet>... Kernel k -means and spectral clustering have both been used ... tion, and derive the spectral clustering objective of normal ...</snippet>
    <url>http://www.cs.utexas.edu/users/inderjit/public_papers/kdd_spectral_kernelkmeans.pdf</url>
  </document>
  <document id="36">
    <title>Cluster analysis and display of genome-wide expression patterns</title>
    <snippet>... The output is displayed graphically, conveying the clustering. and the underlying expression data simultaneously in a ... Saccharomyces cerevisiae that clustering gene expression data ...</snippet>
    <url>http://rana.lbl.gov/papers/Eisen_PNAS_1998.pdf</url>
  </document>
  <document id="37">
    <title>The 2dF QSO Redshift Survey – II. Structure and evolution at high redshift</title>
    <snippet>... clustering of QSOs is measured on large scales where linear theory should apply, the. evolution of QSO clustering does not follow the linear theory predictions for growth via ...</snippet>
    <url>http://www.aao.gov.au/AAO/local/www/scroom/publications/mnr4389.pdf</url>
  </document>
  <document id="38">
    <title>Clustering Algorithms</title>
    <snippet>Upon completion of this station you will be able to: Understand the definition of clustering algorithms. Categorize the types of clustering algorithms. Use the k-Means clustering algorithm.</snippet>
    <url>http://cne.gmu.edu/modules/dau/stat/clustgalgs/clustgalgs_frm.html</url>
  </document>
  <document id="39">
    <title>Re: Clustering the Mini Mac</title>
    <snippet>Re: Clustering the Mini Mac. by TravelinMan &amp;lt;Nowhere@[EMAIL PROTECTED] &amp;gt; Jan 20, 2005 at 10:05 PM</snippet>
    <url>http://www.talkaboutmac.com/group/comp.sys.mac.hardware.misc/messages/192656.html</url>
  </document>
  <document id="40">
    <title>Redundant Clustering</title>
    <snippet>Pre-Sale Tech Support. Redundant Dual Raid 160/Host Raid. Systems For Clustering and 24/7 availability. Prices as low as 35.00 per GB level 5 storage ... The clustering RAID systems have two(optional 4)host channels and REDUNDANT ACTIVE/ACTIVE failover or ...</snippet>
    <url>http://www.4raid.com/redundant.htm</url>
  </document>
  <document id="41">
    <title>http://l2r.cs.uiuc.edu/~danr/Teaching/CS446-05/Lectures/11-LecCluster.ppt</title>
    <snippet>Clustering. CS446-Spring05. 1. How many are there ? Clustering. CS446-Spring05. 2. Clustering. Clustering is a mode of unsupervised learning. Given a collection of data points, the goal is to find structure in the</snippet>
    <url>http://l2r.cs.uiuc.edu/~danr/Teaching/CS446-05/Lectures/11-LecCluster.ppt</url>
  </document>
  <document id="42">
    <title>A Local Smoothing and Geodesic Distance Based Clustering Algorithm for High Dimensional Noisy Data; Utilizing ... </title>
    <snippet>... A Local Smoothing and Geodesic Distance Based Clustering. Algorithm for High Dimensional Noisy Data ... Ideally, a clustering algorithm will. assign the points, which are close to ...</snippet>
    <url>http://www.isye.gatech.edu/~xiaoming/publication/pdfs/siam03.pdf</url>
  </document>
  <document id="43">
    <title>Gabriele Rico - Writing the Natural Way - Clustering/Sample Vignettes</title>
    <snippet>Dr. Gabriele Rico's site, Writing The Natural Way, turns the task of writing into the joy of writing. Visitors can submit their writings for review. ... A non-linear brainstorming process, clustering makes the Design mind's interior, invisible associations visible on a page. Clustering becomes a self-organizing process as words ...</snippet>
    <url>http://www.gabrielerico.com/Main/ClusteringSampleVignettes.htm</url>
  </document>
  <document id="44">
    <title>MySQL AB :: MySQL AB Launches MySQL Cluster  the First Open Source Database Clustering Solution</title>
    <snippet>The world's most popular open source database. MySQL Worldwide France Germany Japan. MySQL AB Launches MySQL Cluster  the First Open Source Database Clustering Solution ... a new open source database clustering technology for applications requiring continuous availability ... the MySQL® database with a clustering architecture to deliver 99.999 percent ...</snippet>
    <url>http://www.mysql.com/news-and-events/press-release/release_2004_14.html</url>
  </document>
  <document id="45">
    <title>Novel Hybrid Hierarchical-K-means Clustering Method (H-K-means) for Microarray Analysis</title>
    <snippet>Novel Hybrid Hierarchical-K-means Clustering Method (H-K-means) for. Microarray Analysis. Bernard Chen. 1. , Phang C. Tai. 2. , R. Harrison. 1. and Yi Pan. 1. 1. ... supervised and. unsupervised clustering. In this paper, we focus on ... clustering category, such as k-means. clustering (MacQueen 1967), k-medoid clustering, genetic k-means algorithm ...</snippet>
    <url>http://conferences.computer.org/Bioinformatics/CSB2005/PDF2/043_chenb_hierarchical.pdf</url>
  </document>
  <document id="46">
    <title>Bottom-up clustering and top-down shattering of scale-free environments for information fusion</title>
    <snippet>Bottom-up clustering and top-down shattering of scale-free. environments for information fusion. Andr'as L˝orincz, B'alint G'abor, S'andor Mandusitz and Zsolt Palotai. Department of Information Systems, E"otv"os Lor'and University ... Internet domain. Bottom-up clustering develops tree-structured. cluster hierarchies and alleviates navigation ...</snippet>
    <url>http://www.fusion2004.foi.se/papers/IF04-0471.pdf</url>
  </document>
  <document id="47">
    <title>K-Harmonic Means - A Data Clustering Algorithm</title>
    <snippet>K-Harmonic Means - A Data. Clustering Algorithm. Bin Zhang, Meichun Hsu, Umeshwar Dayal. Software Technology Laboratory. HP Laboratories Palo Alto. HPL-1999-124. October, 1999. Clustering, K- Means, K- Harmonic. Means, data. mining ... Abstract. Data clustering is one of the common techniques used in data mining ...</snippet>
    <url>http://www.hpl.hp.com/techreports/1999/HPL-1999-124.pdf</url>
  </document>
  <document id="48">
    <title>Hierarchical Clustering of WWW Image Search Results Using Visual, Textual and Link Information</title>
    <snippet>... Hierarchical Clustering of WWW Image Search Results ... We consider the problem of clustering Web image search results ...</snippet>
    <url>http://research.microsoft.com/asia/dload_files/group/wsm/2004/11.pdf</url>
  </document>
  <document id="49">
    <title>INTERACTIVE CLUSTERING FOR EXPLORATION OF GENOMIC DATA</title>
    <snippet>... INTERACTIVE CLUSTERING FOR EXPLORATION OF GENOMIC ... consideration and determine if further clustering or modified clustering. is desired ...</snippet>
    <url>http://www.cs.msstate.edu/~bridges/papers/annie2002.pdf</url>
  </document>
  <document id="50">
    <title>IBM Unveils New Clustering Server Package - NewsFactor Network</title>
    <snippet>January 21, 2006. Updated Daily. Technology Briefing. CRM Alert. Wireless Industry Alert. Enterprise Security Report. Data Storage Report. BPM Industry Alert. NewsFactor Network. IBM Unveils New Clustering Server Package. By Tim McDonald</snippet>
    <url>http://www.newsfactor.com/perl/story/18868.html</url>
  </document>
  <document id="51">
    <title>The SCO Group, Inc. | Products | Clustering | Reliant HA</title>
    <snippet>... High-Availability Clustering Solution. Features. High-availability clusters of 2-to-4 nodes ... ReliantHA is a clustering solution for enterprises requiring high levels of application ...</snippet>
    <url>http://www.sco.com/products/clustering/rhadata</url>
  </document>
  <document id="52">
    <title>Clustering Trial: MIMIX V4R4</title>
    <snippet>Clustering Trial: MIMIX V4R4. And. J.D. Edwards One World Xe. a white paper from. Clustering Trial: MIMIX V4R4 And J.D. Edwards One World Xe. Table of Contents</snippet>
    <url>http://www.mimix.com/pdf/MIMIX_JDETrialWP.pdf</url>
  </document>
  <document id="53">
    <title>Clustering</title>
    <snippet>... Clustering. Connectionist and Statistical Language Processing ... Universit"at des Saarlandes. Clustering – p.1/21. Overview. clustering vs ...</snippet>
    <url>http://homepages.inf.ed.ac.uk/keller/teaching/connectionism/lecture13_4up.pdf</url>
  </document>
  <document id="54">
    <title>Subspace Clustering for High Dimensional Data: A Review</title>
    <snippet>... ABSTRACT. Subspace clustering is an extension of traditional cluster ... There are two major branches. of subspace clustering based on their search strategy ...</snippet>
    <url>http://www.eas.asu.edu/embedded/temp/other/liu3.pdf</url>
  </document>
  <document id="55">
    <title>High Availability and Scalability with Domino Clustering and Partitioning on AIX</title>
    <snippet>SG24-5163-00. International Technical Support Organization. http://www.redbooks.ibm.com. High Availability and Scalability with. Domino Clustering and Partitioning on AIX. Marcelo R. Barrios, Ole Conradsen, Charles Haramoto, Didac Marin</snippet>
    <url>http://www.ibm.com/cn/support/library/sw/download/SG245163.pdf</url>
  </document>
  <document id="56">
    <title>ITtoolbox Storage Knowledge Base</title>
    <snippet>... Browse by Storage Topic. Administration. Archival/Retrieval, Clustering ...</snippet>
    <url>http://storage.ittoolbox.com/</url>
  </document>
  <document id="57">
    <title>Clustering</title>
    <snippet>bayMountain has years of experience providing clustering and failover services with server farms. ... of performance or availability, then clustering with a commodity infrastructure is your solution. Clustering refers to splitting up a single process ...</snippet>
    <url>http://www.baymountain.com/clustering?src=hg429</url>
  </document>
  <document id="58">
    <title>Culture and stock price clustering: Evidence from The Peoples' Republic of China</title>
    <snippet>Draft: August 2004. Culture and stock price clustering: Evidence from The Peoples' Republic of China. by. Philip Brown. a. and Jason Mitchell. b. Corresponding Author: Jason Mitchell, Ross School of Business, University of Michigan, ... Price clustering is the tendency of prices to be observed more frequently at some ...</snippet>
    <url>http://www.charttricks.com/Resources/Articles/Sup-Res/cultural_clustering_china.pdf</url>
  </document>
  <document id="59">
    <title>FUZZY CLUSTERING</title>
    <snippet>FUZZY CLUSTERING. 1. Cluster Analysis. Cluster analysis deals with separating data into groups whose identities are not known in advance. In general, even the " real " number of groups is not known in advance. ... strongly on the definition of dG1,G2: single linkage-clustering yields a few large clusters (which are formed by virtue ...</snippet>
    <url>http://polywww.in2p3.fr/activites/info/doc/glast/fc.htm</url>
  </document>
  <document id="60">
    <title>Distributed Clustering in Ad-hoc Sensor Networks: A Hybrid, Energy-Efﬁcient Approach</title>
    <snippet>Distributed Clustering in Ad-hoc Sensor Networks: A Hybrid, Energy-Efﬁcient Approach. Ossama Younis and Sonia Fahmy. Department of Computer Sciences, Purdue University. 250 N. University Street, West Lafayette, IN 47907–2066, USA ... are important requirements for many ad-hoc sensor. network applications. Clustering sensor nodes is an effective ...</snippet>
    <url>http://www.cs.purdue.edu/homes/fahmy/papers/heed.pdf</url>
  </document>
  <document id="61">
    <title>Clustering algorithms (an overview)</title>
    <snippet>... 2. TYPES OF CLUSTERING ALGORITHMS. by Enrique Blanco Garcia ... Main strategies of clustering: Hierarchical clustering. K-clustering (partitioning ...</snippet>
    <url>http://www1.imim.es/~eblanco/seminars/docs/clustering/index_types.html</url>
  </document>
  <document id="62">
    <title>Minimum Sum-Squared Residue Co-clustering of Gene Expression Data</title>
    <snippet>... of gene expression data is the clustering of genes into groups ... measures and propose two fast k-means like co-clustering. algorithms corresponding to the two residue measures ...</snippet>
    <url>http://www.siam.org/meetings/sdm04/proceedings/sdm04_011.pdf</url>
  </document>
  <document id="63">
    <title>Wyrick, 8e | Essay Strategies</title>
    <snippet>... Well With Additional Readings has an explanation of clustering on page 12 and a helpful diagram on page ... Remember that the purpose of clustering is to get you started, so ...</snippet>
    <url>http://english.heinle.com/wyrick/resources/essaystrategies/clustering.html</url>
  </document>
  <document id="64">
    <title>SteelEye Technology – LifeKeeper, high availability clustering, failover, data replication, disaster recovery, ... </title>
    <snippet>SteelEye Technology – LifeKeeper, high availability clustering, failover, data replication, disaster recovery, Linux, Windows ... focused data replication, high availability clustering and disaster recovery solutions are ... Next Generation Windows High Availability and Disaster Recovery Clustering Solution ...</snippet>
    <url>http://www.lifekeeper.com/</url>
  </document>
  <document id="65">
    <title>Text Clustering Based on Good Aggregations</title>
    <snippet>... Text Clustering Based on Good Aggregations ... In addition, given a particular clustering result. it is typically very hard to come up with a good explanation of why ...</snippet>
    <url>http://www.aifb.uni-karlsruhe.de/WBS/sst/Research/Publications/icdm2001sub.pdf</url>
  </document>
  <document id="66">
    <title>CSNA Web -- 'On-Line Software for Classif. ...'</title>
    <snippet>... On-Line Software for Clustering and Multivariate Analysis ... It includes routines for clustering variables and/or observations using algorithms such as direct joining and splitting ...</snippet>
    <url>http://www.pitt.edu/~csna/software.html</url>
  </document>
  <document id="67">
    <title>Microsoft Tests Search Clustering</title>
    <snippet>Microsoft Research is testing a search toolbar that utilizes an experimental technique to automatically categorize search results into groups by topic. ... America Online this week implemented clustering into its revamped AOL Search ...</snippet>
    <url>http://www.eweek.com/article2/0,1759,1753375,00.asp?kc=EWRSS03119TX1K0000594</url>
  </document>
  <document id="68">
    <title>Clustering in Peer-to-Peer File Sharing Workloads</title>
    <snippet>Clustering in Peer-to-Peer File Sharing Workloads. F. Le Fessant†, S. Handurukande‡, A.-M. Kermarrec &amp;amp; L. Massouli' e. †INRIA-Futurs and LIX, Palaiseau, France. ‡Distributed Programming Laboratory, EPFL, Switzerland ... we use to evaluate the degree of clustering in the. system ...</snippet>
    <url>http://iptps04.cs.ucsd.edu/papers/le-fessant-clustering.pdf</url>
  </document>
  <document id="69">
    <title>Clustering</title>
    <snippet>... Clustering. Clustering is a nonlinear activity that generates ideas, images and feelings around a stimulus word ... patterns in their ideas. Clustering may be a class or an individual ...</snippet>
    <url>http://www.sdcoe.k12.ca.us/score/actbank/tcluster.htm</url>
  </document>
  <document id="70">
    <title>Network Computing | Feature | OSes &amp; Network Services | Unraveling the Mysteries Of Clustering | Page 1 | October 2... </title>
    <snippet>For companies in search of reliable and scalable solutions, sleuthing out the complexities of clustering is well worth the effort. ... What comes to mind when you think of clustering? Do you think of virtually uninterrupted computer services via ...</snippet>
    <url>http://www.networkcomputing.com/1119/1119f2.html</url>
  </document>
  <document id="71">
    <title>Stock Price Clustering and Discreteness</title>
    <snippet>Downloadable ! Author(s): Harris, Lawrence. 1991 Abstract: Stock prices cluster on round fractions. Clustering increases with price level and volatility, and decreases with capitalization and transaction frequency. Clustering is pervasive. Price...</snippet>
    <url>http://ideas.repec.org/a/oup/rfinst/v4y1991i3p389-415.html</url>
  </document>
  <document id="72">
    <title>CDC - Time-Space Clustering of Human Brucellosis, California, 1973–1992</title>
    <snippet>Past Issue. This page was updated on July 15, 2002 to incorporate the corrections in Vol. 8, No. 5. Research. Time-Space Clustering of Human Brucellosis, California, 1973–1992 [1] Geoffrey T. Fosgate,* Tim E. ... eradicating the disease from domestic animals. Clustering of human cases in time and space has ... Temporal-spatial clustering of human brucellosis in California for the 20-year ...</snippet>
    <url>http://www.cdc.gov/ncidod/eid/vol8no7/01-0351.htm</url>
  </document>
  <document id="73">
    <title>Clustering.... - LinuxQuestions.org</title>
    <snippet>Clustering.... Linux - Newbie ... Hi I was just wondering what distrobution of Linux you need for clustering your computers ... I suspect that clustering is more about how the kernel is configured---its not really ...</snippet>
    <url>http://www.linuxquestions.org/questions/showthread.php?p=2059466#post2059466</url>
  </document>
  <document id="74">
    <title>Clustering revealed in high-resolution simulations and visualization of multi-resolution features in fluid--particle... </title>
    <snippet>... We have developed an agglomerative. clustering technique, based on the concept of a mutual nearest neighbor (MNN ... the parallel algorithm for MNN clustering and its timings on the IBM ...</snippet>
    <url>http://www.icsr.agh.edu.pl/~dzwinel/ramki/pdf_publ/clust5.pdf</url>
  </document>
  <document id="75">
    <title>High-performance Linux clustering, Part 1: Clustering fundamentals</title>
    <snippet>High Performance Computing (HPC) has become easier, and two reasons are the adoption of open source software concepts and the introduction and refinement of clustering technology. This first of two articles discusses the types of clusters ... the reasons for the growth of clustering technology. Part 2 covers parallel ...</snippet>
    <url>http://www.ibm.com/developerworks/library/l-cluster1?ca=drs-tp3905</url>
  </document>
  <document id="76">
    <title>Clustering and Taxonomies - A Marriage Made ... Where?</title>
    <snippet>... Clustering and Taxonomies - A Marriage Made ... Where ... Dynamic, or on-the-fly, document clustering refers to the automatic grouping ...</snippet>
    <url>http://vivisimo.com/docs/taxonomies.pdf</url>
  </document>
  <document id="77">
    <title>Google Demos Word Clustering</title>
    <snippet>You are in the: ClickZ Network ... Neither Google Sets or Related Searches provide clustering as was demonstrated or as can be ... Both clustering and named entities have interesting applications to searchers and search ...</snippet>
    <url>http://blog.searchenginewatch.com/blog/041008-073413</url>
  </document>
  <document id="78">
    <title>Hierarchical clustering Spectral clustering</title>
    <snippet>... Clustering 2. Hierarchical clustering. Spectral clustering ... We see that Agglomerative Clustering can be. viewed as a compression of the affinity matrix ...</snippet>
    <url>http://vision.psych.umn.edu/~schrater/schrater_lab/courses/PattRecog03/Lec25PattRec03.pdf</url>
  </document>
  <document id="79">
    <title>Clusty // About Clusty &amp; Vivísimo</title>
    <snippet>Too many search results? Clusty it! ... It uses our award-winning Clustering Engine to organize search results into folders grouping ... Vivísimo developed the Clustering Engine for enterprise search and only offered it ...</snippet>
    <url>http://clusty.com/about</url>
  </document>
  <document id="80">
    <title>ITworld.com - A software approach to clustering</title>
    <snippet>... SuSE recently announced a partnership that brings yet another clustering technology to Linux ... PolyServe's Understudy 1.3 high-availability server clustering software. A free 30-day ...</snippet>
    <url>http://www.itworld.com/Comp/1048/lw-08-vcontrol_1/page_1.html</url>
  </document>
  <document id="81">
    <title>Digging .NET : SQL Server 2005 Yukon clustering</title>
    <snippet>... features) I am frustrated by it less then optimal clustering features. Now, since the launch of the SQL ... "My" sort of clustering would have meant a sort of load ...</snippet>
    <url>http://dotnetjunkies.com/WebLog/stefandemetz/archive/2004/07/27/20526.aspx</url>
  </document>
  <document id="82">
    <title>Beowulf</title>
    <snippet>Opensource parallel computing from NASA.</snippet>
    <url>http://www.beowulf.org/</url>
  </document>
  <document id="83">
    <title>www.centos.org - Forums - General Support - CentOS and Clustering Support</title>
    <snippet>CentOS -- Community ENTerprise Operating System is a free rebuild of source packages freely available from a Prominent North American Enterprise Linux vendor. ... Having used RHEL Clustering Suite (and been quite impressed), I was wondering about CentOS and the availability of clustering functionality? I have searched the ...</snippet>
    <url>http://www.centos.org/modules/newbb/viewtopic.php?topic_id=111&amp;forum=6&amp;post_id=379</url>
  </document>
  <document id="84">
    <title>DB2 Universal Database</title>
    <snippet>Multidimensional clustering tables. 7 Multidimensional clustering (MDC) provides an elegant method for clustering data in tables along 7 multiple dimensions in a flexible, continuous, and automatic way.</snippet>
    <url>http://publib.boulder.ibm.com/infocenter/db2help/index.jsp?topic=/com.ibm.db2.udb.doc/admin/c0007201.htm</url>
  </document>
  <document id="85">
    <title>Clustering | National Clearinghouse for U.S.-Japan Studies</title>
    <snippet>Lesson plan by Anita Matson. After modeling the clustering method and writing a sample vignette, have students write their own. Written for upper elementary students, but adaptable to other grade levels. ... Clustering is a technique developed and named by Gabrielle Luser Rico in Writing the Natural Way for accessing that ...</snippet>
    <url>http://www.indiana.edu/~japan/LP/LS2.html</url>
  </document>
  <document id="86">
    <title>IBM - MD0A: WebSphere MQ - Graphical Clustering Demo</title>
    <snippet>... shows the main features of WebSphere MQ Queue Manager Clustering. Different options can be chosen from the ... use this WebSphere MQ Graphical Clustering Demo to show the new WebSphere ...</snippet>
    <url>http://www-306.ibm.com/software/integration/support/supportpacs/individual/md0a.html</url>
  </document>
  <document id="87">
    <title>MySQL Clustering</title>
    <snippet>A few secondhand links from the recent MySQL conference. ... that there are commercial alternatives for MySQL clustering that don't have this limitation, like Emic's clustered ... Is MySQL clustering ready for prime-time ...</snippet>
    <url>http://www.oreillynet.com/pub/wlg/4745</url>
  </document>
  <document id="88">
    <title>Using Andrews Curves for Clustering and Sub-clustering Self-Organizing Maps</title>
    <snippet>... Using Andrews Curves for Clustering and. Sub-clustering Self-Organizing Maps ... A Self Organising Map (SOM) is a well known method for clustering data [6 ...</snippet>
    <url>http://www.dice.ucl.ac.be/Proceedings/esann/esannpdf/es2004-124.pdf</url>
  </document>
  <document id="89">
    <title>Adaptec DuraStor SCSI Clustering Kit Support Options</title>
    <snippet>DuraStor SCSI Clustering Kit Support Detail ... This Adaptec SCSI Clustering Kit provides all of the hardware components necessary to cluster two servers together (separate clustering services software such as Microsoft Cluster ...</snippet>
    <url>http://www.adaptec.com/worldwide/support/suppdetail.jsp?sess=no&amp;cat=/Product/SCSI-ClusteringKit&amp;prodkey=SCSI-ClusteringKit</url>
  </document>
  <document id="90">
    <title>Clustering Seasonality Patterns in the Presence of Errors</title>
    <snippet>... Clustering Seasonality Patterns in the Presence of Errors ... ABSTRACT. Clustering is a very well studied problem that attempts to ...</snippet>
    <url>http://oz.stern.nyu.edu/seminar/1009related.pdf</url>
  </document>
  <document id="91">
    <title>Model-Based Clustering and Data Transformations for Gene Expression Data</title>
    <snippet>... Model-Based Clustering and Data Transformations for ... Clustering is a useful exploratory technique for the analysis of gene expression data, and many ...</snippet>
    <url>http://www.stat.washington.edu/www/research/reports/2001/tr396.pdf</url>
  </document>
  <document id="92">
    <title>Anomaly Detection Based on Unsupervised Niche Clustering with Application to Network Intrusion Detection</title>
    <snippet>... Anomaly Detection Based on Unsupervised Niche. Clustering with Application to Network Intrusion ... based on the Unsupervised Niche Clustering (UNC). The UNC is ...</snippet>
    <url>http://www.louisville.edu/~o0nasr01/Websites/PAPERS/conference/Nasraoui_CEC_04_Anomaly_Detection.pdf</url>
  </document>
  <document id="93">
    <title>Clustering Lecture</title>
    <snippet>Clustering Lecture. Nina Mishra – October 23, 2002. notes by Jennifer Hwang. 1. k-Center Clustering – continued from 10/21/2002. This portion of lecture was a quick summary of the k-Center problem as</snippet>
    <url>http://theory.stanford.edu/~nmishra/CS361-2002/lecture9-scribe.pdf</url>
  </document>
  <document id="94">
    <title>http://www.win.tue.nl/~wsinmak/Education/2L490/cluster.ppt</title>
    <snippet>Rudolf Mak TU/e Computer Science. 2L490 Clustering 1. Unsupervised learning. Unsupervised learning is the process of finding. structure, patterns or correlation in the given data. we distinguish: Unsupervised Hebbian learning ... Unsupervised competitive learning. Clustering. Data compression. 12/27/05 ...</snippet>
    <url>http://www.win.tue.nl/~wsinmak/Education/2L490/cluster.ppt</url>
  </document>
  <document id="95">
    <title>EJB Clustering in OC4J R2</title>
    <snippet>Oracle9iAS Containers for J2EE - Release 2. Date:11/29/01. How-To: EJB Clustering. After completing this how-to you should be able to: Understand the need for clustering Enterprise Java Beans. ... Understand the need for clustering Enterprise Java Beans. Understand the different types of clustering available to you in OC4J R2 ...</snippet>
    <url>http://www.oracle.com/technology/tech/java/oc4j/htdocs/how-to-ejb-clustering.html</url>
  </document>
  <document id="96">
    <title>Kimberly L. Tripp: Improving *my* SQL skills through your questions! - Ever-increasing clustering key - the ... </title>
    <snippet>... Why Unique? A clustering key should be unique because a clustering key (when one exists) is ...</snippet>
    <url>http://www.sqlskills.com/blogs/kimberly/PermaLink.aspx?guid=bdaee3f7-1e15-414b-b75f-a290db645159</url>
  </document>
  <document id="97">
    <title>Clustering of Protein Domains in the Human Genome</title>
    <snippet>... Clustering of Protein Domains in the Human Genome ... indicate a diversity of clustering behaviours: some superfamilies showed ...</snippet>
    <url>http://www.cs.cornell.edu/Courses/cs726/2004fa/suggestions/human-genome-clustering.pdf</url>
  </document>
  <document id="98">
    <title>Clustering for Glossy Global Illumination</title>
    <snippet>Clustering for Glossy Global Illumination. y. Per H. Christensen. Dani Lischinski. Eric J. Stollnitz. David H. Salesin. University of Washington. Abstract. We present a new clustering algorithm for global illumination in. complex environments.</snippet>
    <url>http://grail.cs.washington.edu/pub/stoll/cluster.pdf</url>
  </document>
  <document id="99">
    <title>RIOT -- The Clustering Problem</title>
    <snippet></snippet>
    <url>http://riot.ieor.berkeley.edu/riot/Applications/Clustering</url>
  </document>
  <document id="100">
    <title>O-Cluster: Scalable Clustering of Large High Dimensional Data Sets</title>
    <snippet>... Clustering large data sets of high dimensionality has always been a serious. challenge for clustering algorithms. Many recently developed clustering ...</snippet>
    <url>http://www.oracle.com/technology/products/bi/pdf/o_cluster_algorithm.pdf</url>
  </document>
  <document id="101">
    <title>High-quality automatic data clustering</title>
    <snippet>High-quality automatic data clustering. Greg Hamerly. Doctoral thesis proposal. Computer Science Department. University of California, San Diego. December 3, 2002. Committee members: Charles Elkan, Serge Belongie, Gary Cottrell, ... Clustering is used throughout machine learning, and is a very important problem to ...</snippet>
    <url>http://www-cse.ucsd.edu/users/ghamerly/academic/thesis_proposal_talk.pdf</url>
  </document>
  <document id="102">
    <title>Document Clustering, Visualization, and Retrieval via Link Mining</title>
    <snippet>Document Clustering, Visualization, and Retrieval. via Link Mining. Steven Noel. Center for Secure Information Systems. George Mason University, Fairfax, VA 22030, USA. snoel@gmu.edu. Vijay Raghavan. Center for Advanced Computer Studies ... provides the advantage that standard tools of visualization, e.g. hierarchical clustering ...</snippet>
    <url>http://www.isse.gmu.edu/~snoel/pubs/Clustering_IR_chapter_extended.pdf</url>
  </document>
  <document id="103">
    <title>IBM eserver xSeries clustering home page</title>
    <snippet>Information on xSeries clustering ... xSeries clustering. IBM has developed a technology blueprint called X-Architecture that outlines ... together to provide leadership xSeries clustering solutions. A key building block ...</snippet>
    <url>http://www.pc.ibm.com/ww/eserver/xseries/clustering/</url>
  </document>
  <document id="104">
    <title>Retriever: Improving Web Search Engine Results Using Clustering</title>
    <snippet>Retriever: Improving Web Search Engine Results Using Clustering 59. Chapter IV. Retriever: Improving Web. Search Engine Results Using. Clustering. Anupam Joshi. University of Maryland, USA. Zhihua Jiang. American Management Systems, Inc., USA ... application requires clustering in the presence of a significant amount of noise ...</snippet>
    <url>http://www.cs.umbc.edu/~ajoshi/web-mine/04joshi.pdf</url>
  </document>
  <document id="105">
    <title>Clustering of Protein Domains in the Human Genome</title>
    <snippet>... Clustering of Protein Domains in the Human Genome ... indicate a diversity of clustering behaviours: some superfamilies showed ...</snippet>
    <url>http://www.cs.cornell.edu/Courses/cs726/2004fa/suggestions/human-genome-clustering.pdf</url>
  </document>
  <document id="106">
    <title>SQL Server 2000 High Availability Series: Remote Mirroring and Stretch Clustering</title>
    <snippet>Topics on this Page: Understanding Remote Mirroring and Stretch Clustering, Deploying a Remote Mirror, Failing Over to a Remote Mirror, Deploying Stretch Clustering, Failing Over to a Secondary Node in a Stretch Cluster, Failing Back to the ... data center by using remote mirroring and stretch clustering with geographically separated nodes ...</snippet>
    <url>http://www.microsoft.com/technet/prodtechnol/sql/2000/deploy/hasog05.mspx</url>
  </document>
  <document id="107">
    <title>Re: Clustering the Mini Mac</title>
    <snippet>Re: Clustering the Mini Mac. by TravelinMan &amp;lt;trman@[EMAIL PROTECTED] &amp;gt; Jan 19, 2005 at 09:18 PM ... In clustering, the bandwidth isn't needed out to the ... because this was a &amp;gt; &amp;gt; &amp;gt; &amp;gt; &amp;gt; &amp;gt; &amp;gt; &amp;gt; thread about clustering (as indicated by the Subject header). &amp;gt; &amp;gt; &amp;gt; &amp;gt; &amp;gt; &amp;gt; &amp;gt; &amp;gt; And ...</snippet>
    <url>http://www.talkaboutmac.com/group/comp.sys.mac.hardware.misc/messages/192634.html</url>
  </document>
  <document id="108">
    <title>Soft learning vector quantization and clustering algorithms based on ordered weighted aggregation op - Neural ... </title>
    <snippet>IEEE TRANSACTIONS ON NEURAL NETWORKS, VOL. 11, NO. 5, SEPTEMBER 2000. 1093. Soft Learning Vector Quantization and Clustering. Algorithms Based on Ordered Weighted. Aggregation Operators. Nicolaos B. Karayiannis, Member, IEEE ... (LVQ) and clustering algorithms. These algorithms are developed ... produces a family of soft LVQ and clustering algo- rithms, which includes fuzzy LVQ and clustering algorithms as ...</snippet>
    <url>http://www.egr.uh.edu/ece/faculty/karayiannis/Karayiannis_tnn_11(5)_00.pdf</url>
  </document>
  <document id="109">
    <title>Clustering Revealed in High-Resolution Simulations and Visualization of Multi-Resolution Features</title>
    <snippet>Concurrency and Computation: Practice and Experience, (in press) July, 2002. Clustering Revealed in High-Resolution Simulations. and Visualization of Multi-Resolution Features. in Fluid-Particle Models. Krzysztof Boryczko, Witold Dzwinel, ... We have developed here an agglomerative clustering technique, based on the ...</snippet>
    <url>http://www.msi.umn.edu/~lilli/cluster-witek.pdf</url>
  </document>
  <document id="110">
    <title>Clustering with Qualitative Information</title>
    <snippet>We consider the problem of clustering a collection of elements based on pairwise judgments of similarity and dissimilarity. Bansal, Blum and Chawla [1] cast the problem thus: given a graph G whose edges are labeled "+" (similar) or "-" (... in [1] and provide a sound overview of clustering with qualitative information ...</snippet>
    <url>http://csdl2.computer.org/persagen/DLAbsToc.jsp?resourcePath=/dl/proceedings/&amp;toc=comp/proceedings/focs/2003/2040/00/2040toc.xml&amp;DOI=10.1109/SFCS.2003.1238225</url>
  </document>
  <document id="111">
    <title>Clusty</title>
    <snippet>Clustering engine that allows users to narrow down searches to things like images, shopping, gossip, and news.</snippet>
    <url>http://clusty.com/</url>
  </document>
  <document id="112">
    <title>Cluster selection in divisive clustering algorithms*</title>
    <snippet>Cluster selection in divisive. clustering algorithms* Sergio M. Savaresi. , Daniel L. Boley. , Sergio Bittanti. and. Giovanna Gazzaniga. 1 Introduction. The problem this paper focuses on is the classical problem of unsupervised clustering of a. data-set.</snippet>
    <url>http://www.siam.org/meetings/sdm02/proceedings/sdm02-18.pdf</url>
  </document>
  <document id="113">
    <title>http://www.cs.utsa.edu/~hugelab/res/20050615_jg_present.ppt</title>
    <snippet>Principal Component Analysis for Clustering Gene Expression Data. Presented by: Jesus Gonzalez. Research by: K. Y. Yeung, W. L. Ruzzo. Abstract ... such as principal component analysis (PCA) and different clustering algorithms to analyze the same data set can lead ...</snippet>
    <url>http://www.cs.utsa.edu/~hugelab/res/20050615_jg_present.ppt</url>
  </document>
  <document id="114">
    <title>Re: Clustering the Mini Mac</title>
    <snippet>Re: Clustering the Mini Mac. by GreyCloud &amp;lt;cumulus@[EMAIL PROTECTED] &amp;gt; Jan 23, 2005 at 02:05 PM</snippet>
    <url>http://www.talkaboutmac.com/group/comp.sys.mac.hardware.misc/messages/192743.html</url>
  </document>
  <document id="115">
    <title>Self-Tuning Spectral Clustering</title>
    <snippet>... We study a number of open issues in spectral clustering: (i) Selecting the ... to better clustering especially when the data includes multiple scales and ...</snippet>
    <url>http://books.nips.cc/papers/files/nips17/NIPS2004_0572.pdf</url>
  </document>
  <document id="116">
    <title>Wikipedia: Data clustering</title>
    <snippet>Wikipedia Free Encyclopedia's article on 'Data clustering'</snippet>
    <url>http://en.wikipedia.org/wiki/Data_clustering</url>
  </document>
  <document id="117">
    <title>SOSGSSD - Subspace Clustering for High Dimensional Categorical Data</title>
    <snippet>SOSGSSD Presentation. 1. SOSGSSD. Subspace Clustering for High Dimensional Categorical Data. Guojun Gan. York University/Generation 5. May 26, 2003. http://www.math.yorku.ca/ gjgan. Subspace Clustering for High Dimensional Categorical Data</snippet>
    <url>http://www.math.yorku.ca/Who/Grads/gjgan/research/talk.pdf</url>
  </document>
  <document id="118">
    <title>Evaluating Subspace Clustering Algorithms</title>
    <snippet>... Evaluating Subspace Clustering Algorithms. Lance Parsons ... mensions of the data [12, 14]. Subspace clustering is. an extension of traditional clustering that seeks to ﬁnd ...</snippet>
    <url>http://www.public.asu.edu/~lparsons/publications/subspace_clustering_SIAM_SDM04.pdf</url>
  </document>
  <document id="119">
    <title>Hierarchical Document Clustering Using Frequent Itemsets</title>
    <snippet>Hierarchical Document Clustering Using Frequent Itemsets. Benjamin C.M. Fung. Ke Wang. Martin Ester. Abstract. A major challenge in document clustering is the extremely. high dimensionality. For example, the vocabulary for a ... Another requirement is hierarchical clustering. where clustered documents can be browsed according to the ...</snippet>
    <url>http://www.siam.org/meetings/sdm03/proceedings/sdm03_06.pdf</url>
  </document>
  <document id="120">
    <title>QuickStudy: Clustering - Computerworld</title>
    <snippet>Clustering ... DECEMBER 21, 1998 - Clustering. Clustering is a way to link computers together ... There are two methods of clustering computers. The most common is high-availability clustering, which ...</snippet>
    <url>http://www.computerworld.com/printthis/1998/0,4814,33273,00.html</url>
  </document>
  <document id="121">
    <title>Clusty the Clustering Engine</title>
    <snippet>Gov+-FirstGovThink TanksU.S. Political News-2006 Federal BudgetDuelfer Report9/11 Report. TopicsSourcesURLs. Open in new window. Show in clusters. Toggle preview frame. Expand clusters</snippet>
    <url>http://gov.clusty.com/</url>
  </document>
  <document id="122">
    <title>Re: Algorithm for clustering</title>
    <snippet>&amp;amp;gt; What is the algorithm used in Microsoft Clustering? K- &amp;amp;gt; mean, k-nn or something else? You can select between K-means and Expectation-Maximization (EM) algorithms. You can find more on EM algorithm at http://www.research.microsoft... Re: Algorithm for clustering. Posted: Thursday, September 08, 2005 5:18 AM (PST) &amp;gt; What is the algorithm used in Microsoft Clustering? K- &amp;gt; mean, k-nn or something else ...</snippet>
    <url>http://www.sqlserverdatamining.com/DMCommunity/Newsgroup/1689.aspx</url>
  </document>
  <document id="123">
    <title>Efficient and Effective Clustering Methods for Spatial Data Mining</title>
    <snippet>Efficient and Effective Clustering Methods for Spatial Data Mining ...</snippet>
    <url>http://www.cs.sfu.ca/CourseCentral/459/han/papers/ng94.pdf</url>
  </document>
  <document id="124">
    <title>Deltoid " Why you need to correct for clustering</title>
    <snippet>Tim Lambert's weblog. Thu 11 Sep 2003. Posted by Tim Lambert under maths. Suppose you had a pair of dice and were wondering if they were fair. ... The technical term for this clustering, and adjusting the standard errors to allow for clustering is the clustering correction. In this case, the clustering correction ...</snippet>
    <url>http://timlambert.org/2003/09/cluster/</url>
  </document>
  <document id="125">
    <title>Clustering Large Graphs via the Singular Value Decomposition</title>
    <snippet>Machine Learning, 56, 9–33, 2004. c 2004 Kluwer Academic Publishers. Manufactured in The Netherlands. Clustering Large Graphs via the Singular Value. Decomposition. P. DRINEAS. drinep@cs.rpi.edu ... This formulation is usually the objective of the k-means clustering algorithm. (Kanungo et al ...</snippet>
    <url>http://www-math.mit.edu/~vempala/papers/dfkvv.pdf</url>
  </document>
  <document id="126">
    <title>Sublinear Time Approximate Clustering</title>
    <snippet>Sublinear Time Approximate Clustering. Nina. Mishra. Dan. Oblinger. y. Leonard. Pitt. z. Abstract. Clustering is of central importance in a number of disciplines. including Machine Learning, Statistics, and Data Mining.</snippet>
    <url>http://www.cs.princeton.edu/courses/archive/spring04/cos598B/bib/MishraOP.pdf</url>
  </document>
  <document id="127">
    <title>Download this Windows clustering glossary</title>
    <snippet>TechRepublic.com: IT Downloads, Tips, and Techniques for Information Technology Professionals ... Download this Windows clustering glossary. by Jason Hiner MCSE, CCNA | More from Jason Hiner MCSE ... configuration, we've put together a Windows clustering glossary as a free download ...</snippet>
    <url>http://techrepublic.com.com/5100-1035_11-1050972.html</url>
  </document>
  <document id="128">
    <title>Fractal Clustering for Microarray Data Analysis</title>
    <snippet>... Fractal Clustering for Microarray Data Analysis ... relevant groups of genes in biomedical research. Clustering is helpful in pattern recognition in gene ...</snippet>
    <url>http://conferences.computer.org/bioinformatics/CSB2005/PDF2/039_wangly_fractal.pdf</url>
  </document>
  <document id="129">
    <title>COLORADO STATE UNIVERSITY August, 2002 WE HEREBY RECOMMEND THAT THE DISSERTATION PREPARED UN-</title>
    <snippet>... magnitude using PCA without clustering, K-Means and PWPCA. clustering followed by PCA, and clustering without PCA for di erent ...</snippet>
    <url>http://www.cs.colostate.edu/~draper/publications/baek_thesis.pdf</url>
  </document>
  <document id="130">
    <title>A Uniﬁed Framework for Model-based Clustering</title>
    <snippet>Journal of Machine Learning Research 4 (2003) 1001-1037. Submitted 3/03; Revised 7/03; Published 11/03. A Uniﬁed Framework for Model-based Clustering. Shi Zhong. ZHONG. CSE. FAU. EDU. Department of Computer Science and Engineering ... bilistic model-based clustering based on a bipartite graph view of data and models that ...</snippet>
    <url>http://jmlr.csail.mit.edu/papers/volume4/zhong03a/zhong03a.pdf</url>
  </document>
  <document id="131">
    <title>Microsoft TechNet: Windows 2000 Server</title>
    <snippet>Locate technical resources about Microsoft Windows 2000 Server, including planning, deployment, maintainenance, and support articles.</snippet>
    <url>http://www.microsoft.com/technet/prodtechnol/windows2000serv/default.mspx</url>
  </document>
  <document id="132">
    <title>RIOT -- The Clustering Problem</title>
    <snippet>... Clustering. RIOT HOME. Clustering: Demo. Application. To see a graphical demo of how this applet works, go to the RIOT Clustering Applet Demo page ...</snippet>
    <url>http://riot.ieor.berkeley.edu/riot/Applications/Clustering/ClustApplet.html</url>
  </document>
  <document id="133">
    <title>Clustering [electronic resource] /</title>
    <snippet>Clustering [electronic resource] / Clustering [electronic resource] / This article presents the authors' exploration of computer science clustering algorithms as they relate to the Scorpion system. Scorpion is a research project at OCLC that ...</snippet>
    <url>http://digitalarchive.oclc.org/da/ViewObject.jsp?objid=0000003409</url>
  </document>
  <document id="134">
    <title>Wikipedia: Context-based Clustering</title>
    <snippet>Wikipedia Free Encyclopedia's article on 'Context-based Clustering'</snippet>
    <url>http://en.wikipedia.org/wiki/Context-based_Clustering</url>
  </document>
  <document id="135">
    <title>DBAzine.com: Oracle Index Clustering Factor</title>
    <snippet>... This relationship is called "Clustering Factor." The more blocks an index leaf block points to, the lower the clustering factor, and the better performance you ...</snippet>
    <url>http://www.dbazine.com/oracle/or-articles/hotka2</url>
  </document>
  <document id="136">
    <title>An efficient k-means clustering algorithm: analysis and implementation - Pattern Analysis and Machine Intelligence, ... </title>
    <snippet>... An Efficient k-Means Clustering Algorithm: Analysis and Implementation ... A popular heuristic for kEmens clustering is Lloyd's algorithm ...</snippet>
    <url>http://www.cs.umd.edu/~mount/Projects/KMeans/pami02.pdf</url>
  </document>
  <document id="137">
    <title>Time series clustering</title>
    <snippet>... Time series clustering. Posted: Sunday, July 31, 2005 2:02 AM (PST ... Is is possible to use SQL 2005 for clustering time series ...</snippet>
    <url>http://www.sqlserverdatamining.com/DMCommunity/Newsgroup/1484.aspx</url>
  </document>
  <document id="138">
    <title>A Framework for Projected Clustering of High Dimensional Data Streams</title>
    <snippet>... A Framework for Projected Clustering of High ... is inherently more complex in clustering, clas- siﬁcation, and similarity search ...</snippet>
    <url>http://www.vldb.org/conf/2004/RS21P7.PDF</url>
  </document>
  <document id="139">
    <title>Measuring the Connections between Words – Semantic Analysis &amp; Clustering - SEO Chat</title>
    <snippet>Measuring the Connections between Words – Semantic Analysis &amp;amp; Clustering- Search Technologies. Visit SEO Chat to discuss Measuring the Connections between Words – Semantic Analysis &amp;amp; Clustering</snippet>
    <url>http://forums.seochat.com/search-technologies-65/measuring-the-connections-between-words-semantic-analysis-clustering-25370.html</url>
  </document>
  <document id="140">
    <title>Clustering mixed attribute patterns (US6260038)</title>
    <snippet>... A technique for clustering data points in a data set that is arranged as a matrix having n ... Lastly, a clustering technique is performed on the data matrix having vectors ...</snippet>
    <url>http://www.delphion.com/details?pn=US06260038__</url>
  </document>
  <document id="141">
    <title>Clustering - Wikipedia, the free encyclopedia</title>
    <snippet>Please take a moment to read this personal appeal for donations from Wikipedia founder Jimmy Wales. Clustering. From Wikipedia, the free encyclopedia. Clustering can refer to ... Computer clustering - (in Computer science) the connection of many low-cost computers using special ... In terms of software, clustering can either be used to provide reliability ...</snippet>
    <url>http://en.wikipedia.org/wiki/Clustering</url>
  </document>
  <document id="142">
    <title>Intelligent HPC Clustering</title>
    <snippet>Intelligent HPC. Clustering. InfiniBand versus proprietary. clustering technologies. Cliff Oberholtzer. InfiniCon Systems, Inc. Senior Product Marketing Manager. June 2003. HPC Clustering Overview</snippet>
    <url>http://www.infinicon.com/pdf/HPC_Clustering_WP.pdf</url>
  </document>
  <document id="143">
    <title>Determining the Number of Clusters/Segments in Hierarchical Clustering/Segmentation Algorithms</title>
    <snippet>... or segments to return from hierarchical clustering and. segmentation algorithms ... the L method that finds the "knee" in a # of clusters vs. clustering evaluation metric' graph ...</snippet>
    <url>http://www.cs.fit.edu/~pkc/papers/ictai04salvador.pdf</url>
  </document>
  <document id="144">
    <title>Quantum Clustering Page</title>
    <snippet>Quantum Clustering. Overview. The downloadable files in this page are Matlab source files for performing and evaluating the Quantum Clustering. method for data in arbitrary number of dimensions. Source Files Download ... The Quantum Clustering source code, written in Matlab, is freely available for ...</snippet>
    <url>http://neuron.tau.ac.il/~horn/QC.htm</url>
  </document>
  <document id="145">
    <title>Google Sets Sights on Clustering, Translation</title>
    <snippet>The search company's leading researcher previews its work on clustering entities and words to better glean users' intentions, and on using statistical machine translation to show Web pages in other languages. ... gave a preview of its next steps to improve Web search, and clustering technology played a leading role ...</snippet>
    <url>http://www.eweek.com/article2/0,1759,1668357,00.asp?kc=EWRSS03119TX1K0000594</url>
  </document>
  <document id="146">
    <title>PCA, Clustering and Classification</title>
    <snippet>... PCA, Clustering and Classification. By H. Bjørn Nielsen strongly inspired by Agnieszka S ... • Dimension reduction. – PCA. – Clustering. • Classification ...</snippet>
    <url>http://www.cbs.dtu.dk/courses/thaiworkshop/lectures/pca.clust.class.04.pdf</url>
  </document>
  <document id="147">
    <title>ONJava.com: Clustering and Load Balancing in Tomcat 5, Part 1</title>
    <snippet>Discussion of clustering, load balancing, fault tolerance, and session state concepts in large systems and how they're supported in Tomcat 5. ... the Tomcat servlet container provides clustering and load balancing capabilities that are ... installation, configuration, usage, and extension of clustering and load balancing features ...</snippet>
    <url>http://www.onjava.com/pub/a/onjava/2004/03/31/clustering.html?page=1</url>
  </document>
  <document id="148">
    <title>Group Logic - ExtremeZ-IP: Clustering</title>
    <snippet>Group Logic is a leading provider of network workflow software that helps manage the distribution of mission critical data within and between enterprises. ... IP File Server now offers support for Active-Active Clustering under Microsoft Windows 2000/2003 Advanced Server ... server to support Active-Active Clustering for the Mac OS X client ...</snippet>
    <url>http://www.grouplogic.com/products/extreme/fbClustering.cfm</url>
  </document>
  <document id="149">
    <title>GRIDtoday: APPLICATION SERVERS CLUSTERING TECHNOLOGIES &amp; TRENDS</title>
    <snippet>Daily News And Information For The Global Grid Community ... clearly as possible the basics of application server clustering, its goals and architecture," said Mr ... need in the market where clustering strategies needed to achieve specific goals ...</snippet>
    <url>http://www.gridtoday.com/02/0715/100115.html</url>
  </document>
  <document id="150">
    <title>SRC - Search Result Clustering Toolbar in Microsoft Research Asia</title>
    <snippet>The SRC (Search Result Clustering) toolbar is a tool for searching web with our latest clustering technique, which is developed at Web Search and Mining Group in Microsoft Research, Asia. It on-the-fly clusters a certain search engine's search ...</snippet>
    <url>http://rwsm.directtaps.net/</url>
  </document>
  <document id="151">
    <title>Workshop on Clustering Large Data Sets, November 19, 2003 (Melbourne, Florida)</title>
    <snippet>... Workshop on Clustering Large Data Sets. November 19, 2003 ... high dimensionality, these data sets are also often sparse. Clustering such large and high-dimensional data sets is a ...</snippet>
    <url>http://www.math.umbc.edu/~kogan/03ieee.html</url>
  </document>
  <document id="152">
    <title>Macromedia - JRun LiveDocs : Overview of clustering in JRun</title>
    <snippet>JRun Administrator's Guide. Clustering. Overview of clustering in JRun. Real-world applications require predictable availability and response time. ... Web server connector clustering provides load balancing and failover ...</snippet>
    <url>http://livedocs.macromedia.com/jrun/4/JRun_Administrators_Guide/clustering2.htm</url>
  </document>
  <document id="153">
    <title>Diﬀusion Maps, Spectral Clustering and the Reaction Coordinates of Dynamical Systems</title>
    <snippet>Diﬀusion Maps, Spectral Clustering and the Reaction. Coordinates of Dynamical Systems. Boaz Nadler. , St'ephane Lafon. , Ronald R. Coifman. , Ioannis G. Kevrekidis. November 15, 2004. Abstract ... of 2U (x), best suited for spectral clustering. A speciﬁc anisotropic normalization of ...</snippet>
    <url>http://www.math.yale.edu/~sl349/publications/reaction_coordinate.pdf</url>
  </document>
  <document id="154">
    <title>Clustering for Glossy Global Illumination</title>
    <snippet>Clustering for Glossy Global Illumination. Per H. Christensen. Dani Lischinski. Eric J. Stollnitz. David H. Salesin. University of Washington. Submitted June 21, 1995. Revised March 1, 1996. Abstract ... We present a new clustering algorithm for global illumination in complex environments ...</snippet>
    <url>http://www.cs.huji.ac.il/labs/cglab/papers/clustering/clustering-full.pdf</url>
  </document>
  <document id="155">
    <title>P-autoclass: scalable parallel clustering for mining large data sets - Knowledge and Data Engineering, IEEE ... </title>
    <snippet>P-AutoClass: Scalable Parallel Clustering. for Mining Large Data Sets. Clara Pizzuti and Domenico Talia, Member, IEEE Computer Society. Abstract—Data clustering is an important task in the area of data mining.</snippet>
    <url>http://pages.cpsc.ucalgary.ca/~alhajj/601.80/datamining/DM_01198395.pdf</url>
  </document>
  <document id="156">
    <title>Basics of Failover Management in Application Clustering Packages</title>
    <snippet>TECHNICAL NEWSLETTER. Subscribe to our monthly technical newsletter. You will not be subscribed to any other mailing lists. RESOURCES. SERVICES. RSS FEED. Basics of Failover Management in Application Clustering Packages. July 7, 2003 ... The use of application clustering can drastically reduce planned and unplanned downtime in a Data Center environment. As clustering software has evolved, the capabilities have ...</snippet>
    <url>http://www.veritas.com/van/articles/3245.jsp</url>
  </document>
  <document id="157">
    <title>Linux* Clustering .... In a Nutshell - Intel® Software Network</title>
    <snippet>Short discussion on the goals and returns obtained by using Linux* Clustering. ... so it should be supported by the clustering software, but other applications do not use shared ... standard PCI rack servers. Many clustering software implementations run on both cPCI ...</snippet>
    <url>http://www.intel.com/cd/ids/developer/asmo-na/eng/os/linux/20542.htm?page=2</url>
  </document>
  <document id="158">
    <title>Data Clustering in Life Sciences</title>
    <snippet>... Data Clustering in Life Sciences ... Clustering has a wide range of applications in life sciences and over the years has been ...</snippet>
    <url>http://www-users.cs.umn.edu/~yzhao/papers/Bioclustering.pdf</url>
  </document>
  <document id="159">
    <title>Frequent Term-Based Text Clustering</title>
    <snippet>... Text clustering methods can be used to structure large sets of text ... The well-known methods of text. clustering, however, do not really address the special problems of ...</snippet>
    <url>http://www.cs.sfu.ca/~ester/papers/KDD02.Clustering.final.pdf</url>
  </document>
  <document id="160">
    <title>Multi-resolution clustering analysis and 3-D visualization of multitudinous synthetic earthquakes</title>
    <snippet>O R I G I N A L P A P E R. Multi-resolution clustering analysis and 3-D visualization. of multitudinous synthetic earthquakes. Received: 9 October 2002 / Revised: 22 January 2003/Accepted: 23 January 2003 / Published online: 27 February 2003 ... We propose here the deployment of. the clustering scheme both for extracting small local ...</snippet>
    <url>http://www.icsr.agh.edu.pl/~dzwinel/ramki/pdf_publ/dzwinel_EG.pdf</url>
  </document>
  <document id="161">
    <title>Failover Clustering in SQL Server 2000</title>
    <snippet>Chapter 12 of the SQL Server 2000 Resource Kit explains failover clustering, a method of creating high availability (available only in SQL Server 2000 Enterprise Edition) in the event of an application failure, hardware failure, or operating-... Failover clustering is a process in which the operating system and application ...</snippet>
    <url>http://www.microsoft.com/technet/prodtechnol/sql/2000/reskit/part4/c1261.mspx</url>
  </document>
  <document id="162">
    <title>EJB Clustering Approaches</title>
    <snippet>This article will provide a systematic breakdown of the different possibilities that application server vendors may incorporate into their systems to instrument clusterable EJBs. ... systems to instrument clusterable EJBs. Some Clustering Terminology. Before delving into the analysis, some ... locations that vendors can provide clustering logic for an EJB: the JNDI ...</snippet>
    <url>http://dev2dev.bea.com/pub/a/2001/12/33.html</url>
  </document>
  <document id="163">
    <title>Keith Price Bibliography ISODATA Clustering</title>
    <snippet>... ISODATA Clustering. ISODATA is similar to K-Means, except ISODATA does not assume a given number of clusters ... Optimality of reassignment rules in dynamic clustering, PR(21), No ...</snippet>
    <url>http://iris.usc.edu/Vision-Notes/bibliography/pattern628.html</url>
  </document>
  <document id="164">
    <title>Clusty the Clustering Engine</title>
    <snippet>Too many search results? Clusty it!</snippet>
    <url>http://clusty.com/toolbar</url>
  </document>
  <document id="165">
    <title>NOVELL: Clustering (ZENworks Cool Solutions)</title>
    <snippet>[an error occurred while processing this directive] Clustering. ZENworks Cool Solutions Q&amp;A Collection. ZfD 4 and Clustering. Question: I want to deploy ZEN on a NetWare 6 cluster. ... Do not install ZfD 4 in a clustering environment". What is the reason that I should not install ... them to work with shared storage and clustering. We currently have doc ...</snippet>
    <url>http://www.novell.com/coolsolutions/zenworks/qna/clustering.html</url>
  </document>
  <document id="166">
    <title>Guideline to Windows 2003 Network Load Balancing Clustering with Allied Telesyn switches</title>
    <snippet>... This is a guideline to Network Load Balancing (NLB) clustering options with Allied Telesyn AT ... Unicast mode forces the clustering NICs to use a new source MAC address and use ...</snippet>
    <url>http://www.alliedtelesyn.com/datasheets/win2k3_cluster_sd_a.pdf</url>
  </document>
  <document id="167">
    <title>CLUTO: A Software Package for Clustering High-Dimensional Datasets</title>
    <snippet>clustering, cluster analysis, data-mining, data mining, information retrieval ... CLUTO is a software package for clustering low- and high-dimensional datasets and for analyzing the ... CLUTO is well-suited for clustering data sets arising in many diverse ...</snippet>
    <url>http://www.cs.umn.edu/~karypis/cluto</url>
  </document>
  <document id="168">
    <title>k-Means Clustering - Introduction</title>
    <snippet>... k-Means Clustering. Introduction. A non-hierarchical approach to forming good clusters is to specify ... The drawback of standard clustering methods is that they ignore measurement errors ...</snippet>
    <url>http://www.resample.com/xlminer/help/kMClst/KMClust_intro.htm</url>
  </document>
  <document id="169">
    <title>Mean Shift Based Clustering in High Dimensions: A Texture Classiﬁcation Example</title>
    <snippet>... Mean Shift Based Clustering in High Dimensions ... The most popular technique, k-means. clustering, however, has two inherent limitations: the clus ...</snippet>
    <url>http://www.caip.rutgers.edu/riul/research/papers/pdf/hims.pdf</url>
  </document>
  <document id="170">
    <title>EisenLab</title>
    <snippet>Michael Eisen was featured in Publisher for the People, an article by Will Harper about the open-access publishing movement in the East Bay Express. ... Currently includes hierarchical clustering, self-organizing maps (SOMs), k-means clustering, principal component analysis.Hierarchical clustering ...</snippet>
    <url>http://rana.lbl.gov/EisenSoftware.htm</url>
  </document>
  <document id="171">
    <title>"Clustering?" : Articles : HEARTLIGHT® Magazine</title>
    <snippet>How do we cluster activities to allow us to focus our energies on doing God's will for our lives rather than spending all of our time in routine, daily, maintenance activities? ... Clustering? by Phil Ware. See then that you walk circumspectly, not as fools but as wise, redeeming the ... "What in the world is clustering? I know what you mean ...</snippet>
    <url>http://www.heartlight.org/articles/200311/20031103_clustering.html</url>
  </document>
  <document id="172">
    <title>Computational Statistics: Hierarchical Clustering</title>
    <snippet>Hierarchical Clustering. Hierarchical clustering refers to the formation of a recursive clustering of the data points: a partition into two clusters, each of which is itself hierarchically clustered.</snippet>
    <url>http://www.ics.uci.edu/~eppstein/280/tree.html</url>
  </document>
  <document id="173">
    <title>http://www.genetics.wustl.edu/bio5488/lecture_notes_2005/microarray_2.ppt</title>
    <snippet>Microarrays 2. Metrics for determining coexpression. Unsupervised learning (clustering) Comparing Gene Expression. Compare the responses of two genes through different conditions (yes) ... Gene 3. Clustering Gene Expression Data. Choose a distance metric ...</snippet>
    <url>http://www.genetics.wustl.edu/bio5488/lecture_notes_2005/microarray_2.ppt</url>
  </document>
  <document id="174">
    <title>Keith Price Bibliography Iterative, Hierarchical Clustering Techniques</title>
    <snippet>Spivak, S.[Shalom], A multisurface method for pattern classification, PR(22), No. 5, 1989, pp. 587-591. WWW Version. 0309The desired classifier is built in two stages. In the first stage an initial classifier is built.</snippet>
    <url>http://iris.usc.edu/Vision-Notes/bibliography/pattern615.html</url>
  </document>
  <document id="175">
    <title>1 Diminished Surface Clustering and Increased Perinuclear Accumulation of Large Conductance Ca</title>
    <snippet>Diminished Surface Clustering and Increased Perinuclear Accumulation of Large. Conductance Ca. 2+ -Activated K. Channel in Mouse Myometrium with Pregnancy. *Mansoureh Eghbali, Ligia Toro and. Enrico Stefani ... Running Title: Remodeling of MaxiK Clustering in Myometrium. Key Words: BK, K ...</snippet>
    <url>http://www.anes.ucla.edu/~estefani/papers/Eghbali_2003_01.pdf</url>
  </document>
  <document id="176">
    <title>k-clustering</title>
    <snippet>Definition of k-clustering, possibly with links to more information and implementations.</snippet>
    <url>http://www.nist.gov/dads/HTML/kclustering.html</url>
  </document>
  <document id="177">
    <title>Clustering</title>
    <snippet>Clustering. Introduction. Cluster analysis is the process of grouping objects into subsets that have meaning in the context of a particular problem. ... Unlike classification, clustering does not rely on predefined classes. Clustering is referred to as an unsupervised learning ...</snippet>
    <url>http://www2.cs.uregina.ca/~hamilton/courses/831/notes/clustering/clustering.html</url>
  </document>
  <document id="178">
    <title>Model-Based Clustering Software</title>
    <snippet>Model-Based Clustering Software (MCLUST / EMCLUST) Model-based clustering, discriminant analysis, and density estimation including hierarchical clustering and EM for parameterized Gaussian mixtures + Poisson noise.</snippet>
    <url>http://www.stat.washington.edu/fraley/mclust</url>
  </document>
  <document id="179">
    <title>A Morphologically Sensitive Clustering Algorithm for Identifying Arabic Roots</title>
    <snippet>... A Morphologically Sensitive Clustering Algorithm for Identifying ... We present a clustering algorithm for Arabic. words sharing the same root ...</snippet>
    <url>http://acl.ldc.upenn.edu/P/P00/P00-1026.pdf</url>
  </document>
  <document id="180">
    <title>Spatial Analysis of Great Lakes Regional Icing Cloud Liquid Water Content</title>
    <snippet>... rate and shape of ice accretion and the airworthiness of. aircraft. Clustering may also degrade the accuracy of cloud ... paper evaluates spatial clustering of LWC in icing clouds ...</snippet>
    <url>http://gltrs.grc.nasa.gov/reports/2003/TM-2003-212452.pdf</url>
  </document>
  <document id="181">
    <title>Hierarchical Clustering - Introduction</title>
    <snippet>Hierarchical Clustering. Cluster Analysis. Cluster Analysis, also called data segmentation, has a variety of goals. ... methods of clustering -- hierarchical clustering and k-means clustering. In hierarchical clustering the data ... single object. Hierarchical Clustering is subdivided into agglomerative ...</snippet>
    <url>http://www.resample.com/xlminer/help/HClst/HClst_intro.htm</url>
  </document>
  <document id="182">
    <title>Clustan</title>
    <snippet>Makers of cluster analysis software.</snippet>
    <url>http://www.clustan.com/</url>
  </document>
  <document id="183">
    <title>Statistics &amp; Gene Expression Data Analysis Note 4: Clustering ♠ Clustering</title>
    <snippet>... Note 4: Clustering. Clustering. • Clustering is applied to multivariate data ...</snippet>
    <url>http://www.stat.duke.edu/~mw/ABS04/Stats_Notes/MW.Note4.pdf</url>
  </document>
  <document id="184">
    <title>CLUSTERING – WHAT IS THAT?</title>
    <snippet>... parents ask questions regarding Unit 5's use. of clustering as a means of meeting the needs of gifted ... parents with a better. understanding of clustering and how it benefits students ...</snippet>
    <url>http://www.unit5.org/gifted/pdf/November02.pdf</url>
  </document>
  <document id="185">
    <title>A Hierarchical Projection Pursuit Clustering Algorithm</title>
    <snippet>A Hierarchical Projection Pursuit Clustering Algorithm. Jayson E. Rome, Alexei D. Miasnikov, Robert M. Haralick. Pattern Recognition Lab. Department of Computer Science. The Graduate Center of The City University of New York. 365 Fifth Avenue ... a parameter free Hierarchical Projection Pursuit Clustering (HPPC) algorithm that repeatedly bi ...</snippet>
    <url>http://www.cs.gc.cuny.edu/tr/files/TR-2003009.pdf</url>
  </document>
  <document id="186">
    <title>Clustering - Computerworld</title>
    <snippet>Clustering is a way to link computers together to make programs more reliable or make them run faster. There are two methods of clustering computers. The most common is high-availability clustering, which links a second computer to a primary ... Clustering is not just for companies with lots of computers and giant data centers ...</snippet>
    <url>http://www.computerworld.com/hardwaretopics/hardware/story/0,10801,43502,00.html</url>
  </document>
  <document id="187">
    <title>Adaptive Clustering: Better Representatives with Reinforcement Learning</title>
    <snippet>Adaptive Clustering: Better Representatives with Reinforcement Learning. Abraham Bagherjeiran, Christoph F. Eick, Ricardo Vilalta. Department of Computer Science. University of Houston. Houston, TX, 77204, USA. http://www.cs.uh.edu ... Adaptive clustering uses reinforcement learning to learn the reward values of successive data clusterings ...</snippet>
    <url>http://www.cs.uh.edu/docs/preprint/uh-cs-05-06.pdf</url>
  </document>
  <document id="188">
    <title>A Comparison of Resampling Methods for Clustering Ensembles</title>
    <snippet>A Comparison of Resampling Methods. for Clustering Ensembles. Behrouz Minaei-Bidgoli. Computer Science Department. Michigan State University. East Lansing, MI, 48824, USA. Alexander Topchy. Computer Science Department. Michigan State University ... in the ensemble are sequentially generated by clustering. specially selected subsamples of the ...</snippet>
    <url>http://www.cse.msu.edu/~minaeibi/papers/Behrouz_MLMTA2004.pdf</url>
  </document>
  <document id="189">
    <title>Interactively exploring hierarchical clustering results - Computer</title>
    <snippet>... Interactively Exploring. Hierarchical. Clustering Results. M. olecular biologists and geneticists ... cations of a speciﬁc clustering result. Because the ...</snippet>
    <url>http://pages.cpsc.ucalgary.ca/~alhajj/601.80/bio_datamining/DM_BIO_01016905.pdf</url>
  </document>
  <document id="190">
    <title>Re: [Plugin Algo] Clustering</title>
    <snippet>... &amp;gt; For a clustering algorithm, you can implement the optional ... If you're using probabilistic clustering, you would. &amp;gt; return a list of clusters along with the distance and membership ...</snippet>
    <url>http://www.sqlserverdatamining.com/DMCommunity/Newsgroup/1756.aspx</url>
  </document>
  <document id="191">
    <title>FrozenTech's LiveCD List</title>
    <snippet>A list of all Linux, BSD, and Windows LiveCDs and LiveDVDs ... of All Functions Astronomy Bioinformatics Clustering Desktop Development Diagnostics Education Firewall ... tools needed for data recovery. Clustering: provides tools for making clusters ...</snippet>
    <url>http://www.livecdlist.com/index.php?pick=linux_x86&amp;sort=&amp;showonly=clustering</url>
  </document>
  <document id="192">
    <title>ONJava.com: Clustering with JBoss 3.0</title>
    <snippet>For scalability and reliability, many Java developers look to their app server's clustering features. This article takes a look at clustering in the open source JBoss app server. ... many Java architects look to their application server's clustering features. This article looks at the kinds of ... need HTTP-session or EJB clustering, but if you are storing things ...</snippet>
    <url>http://www.onjava.com/pub/a/onjava/2002/07/10/jboss.html?page=1</url>
  </document>
  <document id="193">
    <title>clustering</title>
    <snippet>PEAS - practical exemplars for the analysis of surveys,survey, analysis, uk, R, exemplars, peas, scotland, research, theory, stratification, weighting, clustering, r, sas, spss, stata, survey analysis, united kingdom, research methods, survey ... This is a two-stage clustered sample, the clustering being of children within schools ...</snippet>
    <url>http://www.dcs.napier.ac.uk/peas/clustering.htm</url>
  </document>
  <document id="194">
    <title>COMPARISON OF CLUSTERING TECHNIQUES APPLIED TO LASER DATA</title>
    <snippet>... COMPARISON OF CLUSTERING TECHNIQUES APPLIED TO LASER DATA ... KEY WORDS: LIDAR, First and Last Pulse data, Clustering, Quality assessment, Unsupervised learning, Feature Extraction ...</snippet>
    <url>http://www.isprs.org/istanbul2004/comm7/papers/8.pdf</url>
  </document>
  <document id="195">
    <title>Fast Hierarchical Clustering Based on Compressed Data and OPTICS</title>
    <snippet>Fast Hierarchical Clustering Based on. Compressed Data and OPTICS. Markus M. Breunig, Hans-Peter Kriegel, Jörg Sander. Institute for Computer Science, University of Munich. Oettingenstr. 67, D-80538 Munich, Germany ... They can be used directly to speed up k-means type of clustering algorithms, but ...</snippet>
    <url>http://www.cs.ualberta.ca/~joerg/papers/PKDD2000-final.pdf</url>
  </document>
  <document id="196">
    <title>Unsupervised learning and Clustering</title>
    <snippet>Introduction. Unsupervised learning or clustering is a way to form 'natural groupings' or clusters of patterns. There are several reasons for interest in unsupervised procedures which are described here. ... After the clustering the shapes of the clusters can be described ...</snippet>
    <url>http://cgm.cs.mcgill.ca/~soss/cs644/projects/wijhe</url>
  </document>
  <document id="197">
    <title>Microsoft Tests Search Clustering</title>
    <snippet>Microsoft Research is testing a search toolbar that utilizes an experimental technique to automatically categorize search results into groups by topic. ... America Online this week implemented clustering into its revamped AOL Search ...</snippet>
    <url>http://www.eweek.com/article2/0,1759,1753375,00.asp?kc=EWRSS03119TX1K0000594</url>
  </document>
  <document id="198">
    <title>The best fit for distributed clustering</title>
    <snippet>News and advice for IT professionals working with computer storage. ... paired-failover pseudo-clustering and non-distributed, tightly coupled clustering -- a distributed clustering architecture provides "n ...</snippet>
    <url>http://searchstorage.techtarget.com/tip/1,289483,sid5_gci970597,00.html?track=NL-52&amp;ad=502988</url>
  </document>
  <document id="199">
    <title>Zend Platform - In Depth</title>
    <snippet>... The new Session Clustering module speeds things up by significantly reducing the number of ... Zend Platform's Session Clustering module is designed to provide a highly scalable ...</snippet>
    <url>http://www.zend.com/store/products/zend-platform/in-depth.php#5</url>
  </document>
  <group score="1.0">
    <title>
      <phrase>Clustering Algorithms</phrase>
    </title>
    <document refid="38"/>
    <document refid="122"/>
    <document refid="61"/>
    <document refid="28"/>
    <document refid="179"/>
    <document refid="108"/>
    <document refid="42"/>
    <document refid="14"/>
    <document refid="185"/>
    <document refid="112"/>
    <document refid="136"/>
    <document refid="32"/>
    <document refid="118"/>
    <document refid="190"/>
    <document refid="47"/>
    <document refid="66"/>
  </group>
  <group score="0.743706130722592">
    <title>
      <phrase>Search Engine Results</phrase>
    </title>
    <document refid="79"/>
    <document refid="150"/>
    <document refid="104"/>
    <document refid="48"/>
    <document refid="67"/>
    <document refid="197"/>
    <document refid="111"/>
    <document refid="164"/>
    <document refid="189"/>
    <document refid="14"/>
    <document refid="77"/>
    <document refid="121"/>
  </group>
  <group score="0.7108068167683709">
    <title>
      <phrase>Hierarchical Clustering</phrase>
    </title>
    <document refid="172"/>
    <document refid="181"/>
    <document refid="78"/>
    <document refid="195"/>
    <document refid="185"/>
    <document refid="189"/>
    <document refid="174"/>
    <document refid="119"/>
    <document refid="61"/>
    <document refid="13"/>
    <document refid="48"/>
    <document refid="170"/>
    <document refid="143"/>
  </group>
  <group score="0.6853879097889012">
    <title>
      <phrase>Data Analysis</phrase>
    </title>
    <document refid="113"/>
    <document refid="182"/>
    <document refid="180"/>
    <document refid="183"/>
    <document refid="128"/>
    <document refid="59"/>
    <document refid="136"/>
    <document refid="181"/>
    <document refid="91"/>
    <document refid="160"/>
    <document refid="193"/>
    <document refid="25"/>
    <document refid="9"/>
    <document refid="36"/>
    <document refid="45"/>
    <document refid="3"/>
    <document refid="167"/>
    <document refid="139"/>
  </group>
  <group score="0.5013229784205782">
    <title>
      <phrase>Server Clustering</phrase>
    </title>
    <document refid="4"/>
    <document refid="192"/>
    <document refid="148"/>
    <document refid="131"/>
    <document refid="149"/>
    <document refid="161"/>
    <document refid="23"/>
    <document refid="50"/>
    <document refid="57"/>
    <document refid="6"/>
    <document refid="10"/>
    <document refid="80"/>
    <document refid="89"/>
  </group>
  <group score="0.37932961846029184">
    <title>
      <phrase>Model-based Clustering</phrase>
    </title>
    <document refid="1"/>
    <document refid="178"/>
    <document refid="26"/>
    <document refid="130"/>
    <document refid="91"/>
    <document refid="13"/>
  </group>
  <group score="0.376250595153742">
    <title>
      <phrase>Unsupervised Learning</phrase>
    </title>
    <document refid="94"/>
    <document refid="196"/>
    <document refid="41"/>
    <document refid="92"/>
    <document refid="177"/>
    <document refid="187"/>
    <document refid="194"/>
  </group>
  <group score="0.3242018004529673">
    <title>
      <phrase>PCA Clustering and Classification</phrase>
    </title>
    <document refid="146"/>
    <document refid="129"/>
    <document refid="113"/>
    <document refid="22"/>
    <document refid="174"/>
    <document refid="66"/>
    <document refid="177"/>
  </group>
  <group score="0.260094676150024">
    <title>
      <phrase>Large Data Sets</phrase>
    </title>
    <document refid="151"/>
    <document refid="100"/>
    <document refid="175"/>
    <document refid="155"/>
    <document refid="125"/>
    <document refid="32"/>
    <document refid="140"/>
    <document refid="113"/>
    <document refid="37"/>
  </group>
  <group score="0.25487077264507074">
    <title>
      <phrase>Clustering the Mini Mac</phrase>
    </title>
    <document refid="39"/>
    <document refid="114"/>
    <document refid="107"/>
  </group>
  <group score="0.25370366668566974">
    <title>
      <phrase>Subspace Clustering</phrase>
    </title>
    <document refid="31"/>
    <document refid="54"/>
    <document refid="118"/>
    <document refid="117"/>
    <document refid="3"/>
  </group>
  <group score="0.21879312328636957">
    <title>
      <phrase>Visualization of Multi-resolution Features</phrase>
    </title>
    <document refid="109"/>
    <document refid="160"/>
    <document refid="74"/>
    <document refid="102"/>
    <document refid="81"/>
  </group>
  <group score="0.18433540557411993">
    <title>
      <phrase>Better</phrase>
    </title>
    <document refid="135"/>
    <document refid="184"/>
    <document refid="187"/>
    <document refid="115"/>
    <document refid="7"/>
    <document refid="145"/>
  </group>
  <group score="0.16954358703297304">
    <title>
      <phrase>Price Clustering</phrase>
    </title>
    <document refid="71"/>
    <document refid="58"/>
    <document refid="174"/>
    <document refid="40"/>
  </group>
  <group score="0.16515817279929054">
    <title>
      <phrase>Information Systems</phrase>
    </title>
    <document refid="46"/>
    <document refid="40"/>
    <document refid="110"/>
    <document refid="162"/>
    <document refid="176"/>
    <document refid="153"/>
  </group>
  <group score="0.16328860086234856">
    <title>
      <phrase>Spectral Clustering</phrase>
    </title>
    <document refid="35"/>
    <document refid="78"/>
    <document refid="115"/>
    <document refid="153"/>
  </group>
  <group score="0.1582696103074001">
    <title>
      <phrase>Consider the Problem of Clustering</phrase>
    </title>
    <document refid="99"/>
    <document refid="112"/>
    <document refid="110"/>
    <document refid="177"/>
  </group>
  <group score="0.15232354185510263">
    <title>
      <phrase>Wikipedia Free Encyclopedia Article</phrase>
    </title>
    <document refid="134"/>
    <document refid="116"/>
    <document refid="141"/>
  </group>
  <group score="0.14624192755492788">
    <title>
      <phrase>Load Balancing</phrase>
    </title>
    <document refid="147"/>
    <document refid="166"/>
    <document refid="152"/>
  </group>
  <group score="0.1388864305433689">
    <title>
      <phrase>Clustering of Human</phrase>
    </title>
    <document refid="72"/>
    <document refid="97"/>
    <document refid="105"/>
  </group>
  <group score="0.11959691555992004">
    <title>
      <phrase>Self-organizing Maps</phrase>
    </title>
    <document refid="88"/>
    <document refid="170"/>
    <document refid="20"/>
    <document refid="153"/>
  </group>
  <group score="0.10340886390380928">
    <title>
      <phrase>Clustering for Glossy Global Illumination</phrase>
    </title>
    <document refid="98"/>
    <document refid="154"/>
  </group>
  <group score="0.10174486956227058">
    <title>
      <phrase>Writing the Natural Way</phrase>
    </title>
    <document refid="43"/>
    <document refid="85"/>
    <document refid="196"/>
  </group>
  <group score="0.08256098026788322">
    <title>
      <phrase>Clustering Key</phrase>
    </title>
    <document refid="96"/>
    <document refid="175"/>
    <document refid="103"/>
  </group>
  <group score="0.07414050902854684">
    <title>
      <phrase>Websphere MQ Graphical Clustering Demo</phrase>
    </title>
    <document refid="86"/>
    <document refid="132"/>
    <document refid="77"/>
  </group>
  <group score="0.06314860245032838">
    <title>
      <phrase>Text Clustering</phrase>
    </title>
    <document refid="159"/>
    <document refid="65"/>
    <document refid="33"/>
  </group>
  <group score="0.057695808929886926">
    <title>
      <phrase>MySQL Clustering</phrase>
    </title>
    <document refid="87"/>
    <document refid="44"/>
  </group>
  <group score="1.0E-5">
    <title>
      <phrase>(Other)</phrase>
    </title>
    <document refid="101"/>
    <document refid="120"/>
    <document refid="90"/>
    <document refid="2"/>
    <document refid="173"/>
    <document refid="93"/>
    <document refid="84"/>
    <document refid="34"/>
    <document refid="16"/>
    <document refid="171"/>
    <document refid="157"/>
    <document refid="126"/>
    <document refid="158"/>
    <document refid="0"/>
    <document refid="83"/>
    <document refid="163"/>
    <document refid="51"/>
    <document refid="68"/>
    <document refid="142"/>
    <document refid="133"/>
    <document refid="19"/>
    <document refid="186"/>
    <document refid="62"/>
    <document refid="21"/>
    <document refid="8"/>
    <document refid="70"/>
    <document refid="123"/>
    <document refid="191"/>
    <document refid="15"/>
    <document refid="75"/>
    <document refid="138"/>
    <document refid="127"/>
    <document refid="49"/>
    <document refid="64"/>
    <document refid="106"/>
    <document refid="18"/>
    <document refid="156"/>
    <document refid="144"/>
    <document refid="5"/>
    <document refid="11"/>
    <document refid="12"/>
    <document refid="17"/>
    <document refid="24"/>
    <document refid="27"/>
    <document refid="29"/>
    <document refid="30"/>
    <document refid="52"/>
    <document refid="53"/>
    <document refid="55"/>
    <document refid="56"/>
    <document refid="60"/>
    <document refid="63"/>
    <document refid="69"/>
    <document refid="73"/>
    <document refid="76"/>
    <document refid="82"/>
    <document refid="95"/>
    <document refid="124"/>
    <document refid="137"/>
    <document refid="165"/>
    <document refid="168"/>
    <document refid="169"/>
    <document refid="188"/>
    <document refid="198"/>
    <document refid="199"/>
  </group>
</searchresult>
